<?xml version="1.0" encoding="UTF-8"?>
<testsuite xmlns:xsi="http://www.w3.org/2001/XMLSchema-instance" xsi:noNamespaceSchemaLocation="https://maven.apache.org/surefire/maven-surefire-plugin/xsd/surefire-test-report-3.0.xsd" version="3.0" name="TestSuite" time="17.072" tests="1" errors="0" skipped="0" failures="0">
  <properties>
[...]
</properties>
  <testcase name="test01" classname="Script.Lead" time="0.311">
    <system-out><![CDATA[BeforClass
BeforeMethod
test
]]></system-out>
    <system-err><![CDATA[SLF4J: Failed to load class "org.slf4j.impl.StaticLoggerBinder".
SLF4J: Defaulting to no-operation (NOP) logger implementation
SLF4J: See http://www.slf4j.org/codes.html#StaticLoggerBinder for further details.
1700955652647	geckodriver	INFO	Listening on 127.0.0.1:35098
1700955653237	mozrunner::runner	INFO	Running command: "C:\\Program Files\\Mozilla Firefox\\firefox.exe" "--marionette" "--remote-debugging-port" "17635" "--remote ... //localhost:17635/,http://[::1]:17635/" "-no-remote" "-profile" "C:\\Users\\hii\\AppData\\Local\\Temp\\rust_mozprofilef6ocTC"
console.warn: services.settings: Ignoring preference override of remote settings server
console.warn: services.settings: Allow by setting MOZ_REMOTE_SETTINGS_DEVTOOLS=1 in the environment
1700955654621	Marionette	INFO	Marionette enabled
Dynamically enable window occlusion 0
1700955654831	Marionette	INFO	Listening on port 60998
WebDriver BiDi listening on ws://127.0.0.1:17635
Read port: 60998
1700955655514	RemoteAgent	WARN	TLS certificate errors will be ignored for this session
DevTools listening on ws://127.0.0.1:17635/devtools/browser/7ebea56d-eb35-41bc-a05b-1550c0ec5b17
console.warn: LoginRecipes: "Falling back to a synchronous message for: http://localhost:8888."
console.warn: LoginRecipes: "Falling back to a synchronous message for: http://localhost:8888."
JavaScript warning: http://localhost:8888/jscalendar/calendar.js, line 1695: unreachable code after return statement
]]></system-err>
  </testcase>
</testsuite>