<?xml version="1.0" encoding="UTF-8"?>
<testng-results ignored="0" total="1" passed="1" failed="0" skipped="0">
  <reporter-output>
  </reporter-output>
  <suite started-at="2023-11-26T05:10:50 IST" name="Suite" finished-at="2023-11-26T05:11:05 IST" duration-ms="15787">
    <groups>
    </groups>
    <test started-at="2023-11-26T05:10:50 IST" name="Test" finished-at="2023-11-26T05:11:05 IST" duration-ms="15787">
      <class name="Script.Lead">
        <test-method is-config="true" signature="classConfig()[pri:0, instance:Script.Lead@38cee291]" started-at="2023-11-26T05:10:50 IST" name="classConfig" finished-at="2023-11-26T05:11:01 IST" duration-ms="11589" status="PASS">
          <reporter-output>
          </reporter-output>
        </test-method> <!-- classConfig -->
        <test-method is-config="true" signature="close()[pri:0, instance:Script.Lead@38cee291]" started-at="2023-11-26T05:11:01 IST" name="close" finished-at="2023-11-26T05:11:05 IST" duration-ms="3762" status="PASS">
          <reporter-output>
          </reporter-output>
        </test-method> <!-- close -->
        <test-method signature="test01()[pri:0, instance:Script.Lead@38cee291]" started-at="2023-11-26T05:11:05 IST" name="test01" finished-at="2023-11-26T05:11:05 IST" duration-ms="310" status="PASS">
          <reporter-output>
          </reporter-output>
        </test-method> <!-- test01 -->
      </class> <!-- Script.Lead -->
    </test> <!-- Test -->
  </suite> <!-- Suite -->
</testng-results>
